<?xml version="1.0" encoding="UTF-8"?>
<testsuites>

<testsuite timestamp="2020-03-18T07:52:12.575Z" xmlns:xsi="http://www.w3.org/2001/XMLSchema-instance" xsi:noNamespaceSchemaLocation="https://maven.apache.org/surefire/maven-surefire-plugin/xsd/surefire-test-report.xsd" name="uitest.tests.CreateEveryDayAccount(NewEndpoint)" time="25.631" tests="1" errors="0" skipped="0" failures="1">
  <properties>
          <property name="endpointName" value="New Endpoint" />
          <property name="endpointHeadless" value="false" />
          <property name="endpointType" value="local" />
          <property name="endpointBrowserName" value="chrome" />
          <property name="projectName" value="OpenABankAccount" />
          <property name="screenshot" value="onFail" />
    <property name="sun.desktop" value="windows"/>
    <property name="awt.toolkit" value="sun.awt.windows.WToolkit"/>
    <property name="java.specification.version" value="11"/>
    <property name="webdriver.chrome.driver" value="C:/Users/admki/AppData/Local/Programs/webtestit/vendor/drivers/chromedriver/80.0.3987.106-x64-chromedriver"/>
    <property name="sun.cpu.isalist" value="amd64"/>
    <property name="sun.jnu.encoding" value="Cp1252"/>
    <property name="java.class.path" value="D:\QA\openabankaccount\target\test-classes;D:\QA\openabankaccount\target\classes;C:\Users\admki\.m2\repository\org\testng\testng\6.14.2\testng-6.14.2.jar;C:\Users\admki\.m2\repository\com\beust\jcommander\1.72\jcommander-1.72.jar;C:\Users\admki\.m2\repository\org\apache-extras\beanshell\bsh\2.0b6\bsh-2.0b6.jar;C:\Users\admki\.m2\repository\ru\stqa\selenium\webdriver-factory\4.3\webdriver-factory-4.3.jar;C:\Users\admki\.m2\repository\org\hamcrest\java-hamcrest\2.0.0.0\java-hamcrest-2.0.0.0.jar;C:\Users\admki\.m2\repository\org\seleniumhq\selenium\selenium-java\3.11.0\selenium-java-3.11.0.jar;C:\Users\admki\.m2\repository\org\seleniumhq\selenium\selenium-api\3.11.0\selenium-api-3.11.0.jar;C:\Users\admki\.m2\repository\org\seleniumhq\selenium\selenium-chrome-driver\3.11.0\selenium-chrome-driver-3.11.0.jar;C:\Users\admki\.m2\repository\org\seleniumhq\selenium\selenium-edge-driver\3.11.0\selenium-edge-driver-3.11.0.jar;C:\Users\admki\.m2\repository\org\seleniumhq\selenium\selenium-firefox-driver\3.11.0\selenium-firefox-driver-3.11.0.jar;C:\Users\admki\.m2\repository\org\seleniumhq\selenium\selenium-ie-driver\3.11.0\selenium-ie-driver-3.11.0.jar;C:\Users\admki\.m2\repository\org\seleniumhq\selenium\selenium-opera-driver\3.11.0\selenium-opera-driver-3.11.0.jar;C:\Users\admki\.m2\repository\org\seleniumhq\selenium\selenium-remote-driver\3.11.0\selenium-remote-driver-3.11.0.jar;C:\Users\admki\.m2\repository\org\seleniumhq\selenium\selenium-safari-driver\3.11.0\selenium-safari-driver-3.11.0.jar;C:\Users\admki\.m2\repository\org\seleniumhq\selenium\selenium-support\3.11.0\selenium-support-3.11.0.jar;C:\Users\admki\.m2\repository\net\bytebuddy\byte-buddy\1.7.9\byte-buddy-1.7.9.jar;C:\Users\admki\.m2\repository\org\apache\commons\commons-exec\1.3\commons-exec-1.3.jar;C:\Users\admki\.m2\repository\commons-codec\commons-codec\1.10\commons-codec-1.10.jar;C:\Users\admki\.m2\repository\commons-logging\commons-logging\1.2\commons-logging-1.2.jar;C:\Users\admki\.m2\repository\com\google\code\gson\gson\2.8.2\gson-2.8.2.jar;C:\Users\admki\.m2\repository\com\google\guava\guava\23.6-jre\guava-23.6-jre.jar;C:\Users\admki\.m2\repository\com\google\code\findbugs\jsr305\1.3.9\jsr305-1.3.9.jar;C:\Users\admki\.m2\repository\org\checkerframework\checker-compat-qual\2.0.0\checker-compat-qual-2.0.0.jar;C:\Users\admki\.m2\repository\com\google\errorprone\error_prone_annotations\2.1.3\error_prone_annotations-2.1.3.jar;C:\Users\admki\.m2\repository\com\google\j2objc\j2objc-annotations\1.1\j2objc-annotations-1.1.jar;C:\Users\admki\.m2\repository\org\codehaus\mojo\animal-sniffer-annotations\1.14\animal-sniffer-annotations-1.14.jar;C:\Users\admki\.m2\repository\org\apache\httpcomponents\httpclient\4.5.3\httpclient-4.5.3.jar;C:\Users\admki\.m2\repository\org\apache\httpcomponents\httpcore\4.4.6\httpcore-4.4.6.jar;C:\Users\admki\.m2\repository\com\squareup\okhttp3\okhttp\3.9.1\okhttp-3.9.1.jar;C:\Users\admki\.m2\repository\com\squareup\okio\okio\1.13.0\okio-1.13.0.jar;C:\Users\admki\.m2\repository\commons-io\commons-io\2.5\commons-io-2.5.jar;C:\Users\admki\.m2\repository\org\apache\maven\surefire\surefire-testng-utils\2.21.0\surefire-testng-utils-2.21.0.jar;C:\Users\admki\.m2\repository\org\apache\maven\surefire\surefire-grouper\2.21.0\surefire-grouper-2.21.0.jar;"/>
    <property name="java.vm.vendor" value="AdoptOpenJDK"/>
    <property name="sun.arch.data.model" value="64"/>
    <property name="application.properties" value="/application.properties"/>
    <property name="user.variant" value=""/>
    <property name="java.vendor.url" value="https://adoptopenjdk.net/"/>
    <property name="user.timezone" value=""/>
    <property name="report.name.suffix" value="868ba59d-b85b-573b-0909-75e894e22379"/>
    <property name="os.name" value="Windows 7"/>
    <property name="java.vm.specification.version" value="11"/>
    <property name="sun.java.launcher" value="SUN_STANDARD"/>
    <property name="user.country" value="US"/>
    <property name="sun.boot.library.path" value="C:\Program Files\AdoptOpenJDK\jdk-11.0.5.10-hotspot\bin"/>
    <property name="sun.java.command" value="C:\Users\admki\AppData\Local\Temp\surefire8843622760129735604\surefirebooter17893379905016378237.jar C:\Users\admki\AppData\Local\Temp\surefire8843622760129735604 2020-03-18T13-22-17_940-jvmRun1 surefire11769843056363507259tmp surefire_013987028905383298029tmp"/>
    <property name="jdk.debug" value="release"/>
    <property name="test" value="uitest.tests.CreateEveryDayAccount"/>
    <property name="surefire.test.class.path" value="D:\QA\openabankaccount\target\test-classes;D:\QA\openabankaccount\target\classes;C:\Users\admki\.m2\repository\org\testng\testng\6.14.2\testng-6.14.2.jar;C:\Users\admki\.m2\repository\com\beust\jcommander\1.72\jcommander-1.72.jar;C:\Users\admki\.m2\repository\org\apache-extras\beanshell\bsh\2.0b6\bsh-2.0b6.jar;C:\Users\admki\.m2\repository\ru\stqa\selenium\webdriver-factory\4.3\webdriver-factory-4.3.jar;C:\Users\admki\.m2\repository\org\hamcrest\java-hamcrest\2.0.0.0\java-hamcrest-2.0.0.0.jar;C:\Users\admki\.m2\repository\org\seleniumhq\selenium\selenium-java\3.11.0\selenium-java-3.11.0.jar;C:\Users\admki\.m2\repository\org\seleniumhq\selenium\selenium-api\3.11.0\selenium-api-3.11.0.jar;C:\Users\admki\.m2\repository\org\seleniumhq\selenium\selenium-chrome-driver\3.11.0\selenium-chrome-driver-3.11.0.jar;C:\Users\admki\.m2\repository\org\seleniumhq\selenium\selenium-edge-driver\3.11.0\selenium-edge-driver-3.11.0.jar;C:\Users\admki\.m2\repository\org\seleniumhq\selenium\selenium-firefox-driver\3.11.0\selenium-firefox-driver-3.11.0.jar;C:\Users\admki\.m2\repository\org\seleniumhq\selenium\selenium-ie-driver\3.11.0\selenium-ie-driver-3.11.0.jar;C:\Users\admki\.m2\repository\org\seleniumhq\selenium\selenium-opera-driver\3.11.0\selenium-opera-driver-3.11.0.jar;C:\Users\admki\.m2\repository\org\seleniumhq\selenium\selenium-remote-driver\3.11.0\selenium-remote-driver-3.11.0.jar;C:\Users\admki\.m2\repository\org\seleniumhq\selenium\selenium-safari-driver\3.11.0\selenium-safari-driver-3.11.0.jar;C:\Users\admki\.m2\repository\org\seleniumhq\selenium\selenium-support\3.11.0\selenium-support-3.11.0.jar;C:\Users\admki\.m2\repository\net\bytebuddy\byte-buddy\1.7.9\byte-buddy-1.7.9.jar;C:\Users\admki\.m2\repository\org\apache\commons\commons-exec\1.3\commons-exec-1.3.jar;C:\Users\admki\.m2\repository\commons-codec\commons-codec\1.10\commons-codec-1.10.jar;C:\Users\admki\.m2\repository\commons-logging\commons-logging\1.2\commons-logging-1.2.jar;C:\Users\admki\.m2\repository\com\google\code\gson\gson\2.8.2\gson-2.8.2.jar;C:\Users\admki\.m2\repository\com\google\guava\guava\23.6-jre\guava-23.6-jre.jar;C:\Users\admki\.m2\repository\com\google\code\findbugs\jsr305\1.3.9\jsr305-1.3.9.jar;C:\Users\admki\.m2\repository\org\checkerframework\checker-compat-qual\2.0.0\checker-compat-qual-2.0.0.jar;C:\Users\admki\.m2\repository\com\google\errorprone\error_prone_annotations\2.1.3\error_prone_annotations-2.1.3.jar;C:\Users\admki\.m2\repository\com\google\j2objc\j2objc-annotations\1.1\j2objc-annotations-1.1.jar;C:\Users\admki\.m2\repository\org\codehaus\mojo\animal-sniffer-annotations\1.14\animal-sniffer-annotations-1.14.jar;C:\Users\admki\.m2\repository\org\apache\httpcomponents\httpclient\4.5.3\httpclient-4.5.3.jar;C:\Users\admki\.m2\repository\org\apache\httpcomponents\httpcore\4.4.6\httpcore-4.4.6.jar;C:\Users\admki\.m2\repository\com\squareup\okhttp3\okhttp\3.9.1\okhttp-3.9.1.jar;C:\Users\admki\.m2\repository\com\squareup\okio\okio\1.13.0\okio-1.13.0.jar;C:\Users\admki\.m2\repository\commons-io\commons-io\2.5\commons-io-2.5.jar;C:\Users\admki\.m2\repository\org\apache\maven\surefire\surefire-testng-utils\2.21.0\surefire-testng-utils-2.21.0.jar;C:\Users\admki\.m2\repository\org\apache\maven\surefire\surefire-grouper\2.21.0\surefire-grouper-2.21.0.jar;"/>
    <property name="sun.cpu.endian" value="little"/>
    <property name="user.home" value="C:\Users\admki"/>
    <property name="user.language" value="en"/>
    <property name="java.specification.vendor" value="Oracle Corporation"/>
    <property name="screenshotOnFailure" value="true"/>
    <property name="java.version.date" value="2019-10-15"/>
    <property name="java.home" value="C:\Program Files\AdoptOpenJDK\jdk-11.0.5.10-hotspot"/>
    <property name="file.separator" value="\"/>
    <property name="basedir" value="D:\QA\openabankaccount"/>
    <property name="java.vm.compressedOopsMode" value="Zero based"/>
    <property name="line.separator" value="&#10;"/>
    <property name="java.specification.name" value="Java Platform API Specification"/>
    <property name="java.vm.specification.vendor" value="Oracle Corporation"/>
    <property name="java.awt.graphicsenv" value="sun.awt.Win32GraphicsEnvironment"/>
    <property name="surefire.real.class.path" value="C:\Users\admki\AppData\Local\Temp\surefire8843622760129735604\surefirebooter17893379905016378237.jar"/>
    <property name="user.script" value=""/>
    <property name="remotecapabilities" value="{}"/>
    <property name="sun.management.compiler" value="HotSpot 64-Bit Tiered Compilers"/>
    <property name="java.runtime.version" value="11.0.5+10"/>
    <property name="user.name" value="admin"/>
    <property name="path.separator" value=";"/>
    <property name="os.version" value="6.1"/>
    <property name="timestampStarted" value="2020-03-18-13-22-12"/>
    <property name="java.runtime.name" value="OpenJDK Runtime Environment"/>
    <property name="endpointBrowserName" value="chrome"/>
    <property name="file.encoding" value="Cp1252"/>
    <property name="java.vm.name" value="OpenJDK 64-Bit Server VM"/>
    <property name="java.vendor.version" value="AdoptOpenJDK"/>
    <property name="localRepository" value="C:\Users\admki\.m2\repository"/>
    <property name="java.vendor.url.bug" value="https://github.com/AdoptOpenJDK/openjdk-build/issues"/>
    <property name="java.io.tmpdir" value="C:\Users\admki\AppData\Local\Temp\"/>
    <property name="debug" value="false"/>
    <property name="java.version" value="11.0.5"/>
    <property name="user.dir" value="D:\QA\openabankaccount"/>
    <property name="os.arch" value="amd64"/>
    <property name="java.vm.specification.name" value="Java Virtual Machine Specification"/>
    <property name="java.awt.printerjob" value="sun.awt.windows.WPrinterJob"/>
    <property name="sun.os.patch.level" value="Service Pack 1"/>
    <property name="headless" value="false"/>
    <property name="java.library.path" value="C:\Program Files\AdoptOpenJDK\jdk-11.0.5.10-hotspot\bin;C:\Windows\Sun\Java\bin;C:\Windows\system32;C:\Windows;C:\Python27\;C:\Python27\Scripts;C:\Program Files\AdoptOpenJDK\jdk-11.0.5.10-hotspot\bin;C:\Windows\system32;C:\Windows;C:\Windows\System32\Wbem;C:\Windows\System32\WindowsPowerShell\v1.0\;C:\Program Files\nodejs\;C:\ProgramData\chocolatey\bin;C:\Program Files\dotnet\;C:\Program Files\Microsoft SQL Server\130\Tools\Binn\;C:\Program Files\Microsoft SQL Server\Client SDK\ODBC\170\Tools\Binn\;C:\Program Files\Git\cmd;;C:\Program Files\Microsoft VS Code\bin;C:\Users\admki\AppData\Roaming\npm;."/>
    <property name="java.vendor" value="AdoptOpenJDK"/>
    <property name="java.vm.info" value="mixed mode"/>
    <property name="java.vm.version" value="11.0.5+10"/>
    <property name="selocityPath" value="C:\Users\admki\AppData\Local\Google\Chrome\User Data\Default\Extensions\ocgghcnnjekfpbmafindjmijdpopafoe\1.4.2_0"/>
    <property name="sun.io.unicode.encoding" value="UnicodeLittle"/>
    <property name="java.class.version" value="55.0"/>
  </properties>
  <testcase name="CreateAnEveryDayAccountForNewCustomer" classname="uitest.tests.CreateEveryDayAccount(NewEndpoint)" time="21.531">
    <failure type="java.lang.IllegalMonitorStateException">java.lang.IllegalMonitorStateException
	at uitest.tests.CreateEveryDayAccount.CreateAnEveryDayAccountForNewCustomer(CreateEveryDayAccount.java:47)
</failure>
    <system-err><![CDATA[Starting ChromeDriver 80.0.3987.106 (f68069574609230cf9b635cd784cfb1bf81bb53a-refs/branch-heads/3987@{#882}) on port 15817
Only local connections are allowed.
Please protect ports used by ChromeDriver and related test frameworks to prevent access by malicious code.
Mar 18, 2020 1:22:21 PM org.openqa.selenium.remote.ProtocolHandshake createSession
INFO: Detected dialect: W3C
[1584517942.324][SEVERE]: Timed out receiving message from renderer: 0.100
[1584517942.425][SEVERE]: Timed out receiving message from renderer: 0.100
[1584517942.535][SEVERE]: Timed out receiving message from renderer: 0.100
[1584517942.654][SEVERE]: Timed out receiving message from renderer: 0.100
[1584517942.755][SEVERE]: Timed out receiving message from renderer: 0.100
[1584517945.499][SEVERE]: Timed out receiving message from renderer: 0.100
[1584517945.600][SEVERE]: Timed out receiving message from renderer: 0.100
[1584517945.702][SEVERE]: Timed out receiving message from renderer: 0.100
[1584517945.803][SEVERE]: Timed out receiving message from renderer: 0.100
[1584517945.905][SEVERE]: Timed out receiving message from renderer: 0.100
[1584517946.006][SEVERE]: Timed out receiving message from renderer: 0.100
[1584517946.717][SEVERE]: Timed out receiving message from renderer: 0.100
[1584517946.818][SEVERE]: Timed out receiving message from renderer: 0.100
[1584517946.919][SEVERE]: Timed out receiving message from renderer: 0.100
[1584517947.020][SEVERE]: Timed out receiving message from renderer: 0.100
[1584517947.177][SEVERE]: Timed out receiving message from renderer: 0.100
[1584517947.278][SEVERE]: Timed out receiving message from renderer: 0.100
[1584517947.379][SEVERE]: Timed out receiving message from renderer: 0.100
[1584517947.480][SEVERE]: Timed out receiving message from renderer: 0.100
[1584517947.660][SEVERE]: Timed out receiving message from renderer: 0.100
[1584517947.761][SEVERE]: Timed out receiving message from renderer: 0.100
[1584517949.569][SEVERE]: Timed out receiving message from renderer: 0.100
[1584517949.670][SEVERE]: Timed out receiving message from renderer: 0.100
]]></system-err>
  </testcase>
</testsuite>
</testsuites>